Grammar

    0 $accept: programa $end

    1 programa: lista_declaracao

    2 lista_declaracao: declaracao
    3                 | lista_declaracao declaracao

    4 declaracao: declaracao_var
    5           | declaracao_fun

    6 declaracao_var: tipo lista_declaracao_var

    7 lista_declaracao_var: id ';'
    8                     | id ',' lista_declaracao_var

    9 $@1: %empty

   10 declaracao_fun: id '(' ')' $@1 cmpst_statement

   11 cmpst_statement: del_bloco_abre lista_statement del_bloco_fecha

   12 lista_statement: statement
   13                | statement lista_statement

   14 statement: exp_statement
   15          | sel_statement
   16          | rpt_statement
   17          | print_statement
   18          | read_statement
   19          | cmpst_statement

   20 print_statement: PRINT '(' exp_simples ')' ';'

   21 read_statement: READ '(' id ')' ';'

   22 sel_statement: op_if '(' exp ')' statement
   23              | op_if '(' exp ')' statement op_else statement

   24 rpt_statement: op_rpt '(' exp ')' statement

   25 exp_statement: exp ';'

   26 exp: id op_atrib exp
   27    | exp_simples

   28 exp_simples: exp_add op_relacional exp_add
   29            | exp_add

   30 exp_add: exp_add op_add term
   31        | term

   32 term: term op_mult fator
   33     | fator

   34 fator: '(' exp ')'
   35      | call
   36      | id
   37      | inteiro

   38 call: id '(' ')'


Terminals, with rules where they appear

$end (0) 0
'(' (40) 10 20 21 22 23 24 34 38
')' (41) 10 20 21 22 23 24 34 38
',' (44) 8
';' (59) 7 20 21 25
error (256)
id (258) 7 8 10 21 26 36 38
inteiro (259) 37
PRINT (260) 20
READ (261) 21
op_atrib (262) 26
op_add (263) 30
op_mult (264) 32
op_relacional (265) 28
op_rpt (266) 24
op_if (267) 22 23
IFX (268)
op_else (269) 23
del_bloco_abre (270) 11
del_bloco_fecha (271) 11
tipo (272) 6


Nonterminals, with rules where they appear

$accept (22)
    on left: 0
programa (23)
    on left: 1, on right: 0
lista_declaracao (24)
    on left: 2 3, on right: 1 3
declaracao (25)
    on left: 4 5, on right: 2 3
declaracao_var (26)
    on left: 6, on right: 4
lista_declaracao_var (27)
    on left: 7 8, on right: 6 8
declaracao_fun (28)
    on left: 10, on right: 5
$@1 (29)
    on left: 9, on right: 10
cmpst_statement (30)
    on left: 11, on right: 10 19
lista_statement (31)
    on left: 12 13, on right: 11 13
statement (32)
    on left: 14 15 16 17 18 19, on right: 12 13 22 23 24
print_statement (33)
    on left: 20, on right: 17
read_statement (34)
    on left: 21, on right: 18
sel_statement (35)
    on left: 22 23, on right: 15
rpt_statement (36)
    on left: 24, on right: 16
exp_statement (37)
    on left: 25, on right: 14
exp (38)
    on left: 26 27, on right: 22 23 24 25 26 34
exp_simples (39)
    on left: 28 29, on right: 20 27
exp_add (40)
    on left: 30 31, on right: 28 29 30
term (41)
    on left: 32 33, on right: 30 31 32
fator (42)
    on left: 34 35 36 37, on right: 32 33
call (43)
    on left: 38, on right: 35


State 0

    0 $accept: . programa $end

    id    shift, and go to state 1
    tipo  shift, and go to state 2

    programa          go to state 3
    lista_declaracao  go to state 4
    declaracao        go to state 5
    declaracao_var    go to state 6
    declaracao_fun    go to state 7


State 1

   10 declaracao_fun: id . '(' ')' $@1 cmpst_statement

    '('  shift, and go to state 8


State 2

    6 declaracao_var: tipo . lista_declaracao_var

    id  shift, and go to state 9

    lista_declaracao_var  go to state 10


State 3

    0 $accept: programa . $end

    $end  shift, and go to state 11


State 4

    1 programa: lista_declaracao .
    3 lista_declaracao: lista_declaracao . declaracao

    id    shift, and go to state 1
    tipo  shift, and go to state 2

    $default  reduce using rule 1 (programa)

    declaracao      go to state 12
    declaracao_var  go to state 6
    declaracao_fun  go to state 7


State 5

    2 lista_declaracao: declaracao .

    $default  reduce using rule 2 (lista_declaracao)


State 6

    4 declaracao: declaracao_var .

    $default  reduce using rule 4 (declaracao)


State 7

    5 declaracao: declaracao_fun .

    $default  reduce using rule 5 (declaracao)


State 8

   10 declaracao_fun: id '(' . ')' $@1 cmpst_statement

    ')'  shift, and go to state 13


State 9

    7 lista_declaracao_var: id . ';'
    8                     | id . ',' lista_declaracao_var

    ';'  shift, and go to state 14
    ','  shift, and go to state 15


State 10

    6 declaracao_var: tipo lista_declaracao_var .

    $default  reduce using rule 6 (declaracao_var)


State 11

    0 $accept: programa $end .

    $default  accept


State 12

    3 lista_declaracao: lista_declaracao declaracao .

    $default  reduce using rule 3 (lista_declaracao)


State 13

   10 declaracao_fun: id '(' ')' . $@1 cmpst_statement

    $default  reduce using rule 9 ($@1)

    $@1  go to state 16


State 14

    7 lista_declaracao_var: id ';' .

    $default  reduce using rule 7 (lista_declaracao_var)


State 15

    8 lista_declaracao_var: id ',' . lista_declaracao_var

    id  shift, and go to state 9

    lista_declaracao_var  go to state 17


State 16

   10 declaracao_fun: id '(' ')' $@1 . cmpst_statement

    del_bloco_abre  shift, and go to state 18

    cmpst_statement  go to state 19


State 17

    8 lista_declaracao_var: id ',' lista_declaracao_var .

    $default  reduce using rule 8 (lista_declaracao_var)


State 18

   11 cmpst_statement: del_bloco_abre . lista_statement del_bloco_fecha

    id              shift, and go to state 20
    inteiro         shift, and go to state 21
    PRINT           shift, and go to state 22
    READ            shift, and go to state 23
    op_rpt          shift, and go to state 24
    op_if           shift, and go to state 25
    del_bloco_abre  shift, and go to state 18
    '('             shift, and go to state 26

    cmpst_statement  go to state 27
    lista_statement  go to state 28
    statement        go to state 29
    print_statement  go to state 30
    read_statement   go to state 31
    sel_statement    go to state 32
    rpt_statement    go to state 33
    exp_statement    go to state 34
    exp              go to state 35
    exp_simples      go to state 36
    exp_add          go to state 37
    term             go to state 38
    fator            go to state 39
    call             go to state 40


State 19

   10 declaracao_fun: id '(' ')' $@1 cmpst_statement .

    $default  reduce using rule 10 (declaracao_fun)


State 20

   26 exp: id . op_atrib exp
   36 fator: id .
   38 call: id . '(' ')'

    op_atrib  shift, and go to state 41
    '('       shift, and go to state 42

    $default  reduce using rule 36 (fator)


State 21

   37 fator: inteiro .

    $default  reduce using rule 37 (fator)


State 22

   20 print_statement: PRINT . '(' exp_simples ')' ';'

    '('  shift, and go to state 43


State 23

   21 read_statement: READ . '(' id ')' ';'

    '('  shift, and go to state 44


State 24

   24 rpt_statement: op_rpt . '(' exp ')' statement

    '('  shift, and go to state 45


State 25

   22 sel_statement: op_if . '(' exp ')' statement
   23              | op_if . '(' exp ')' statement op_else statement

    '('  shift, and go to state 46


State 26

   34 fator: '(' . exp ')'

    id       shift, and go to state 20
    inteiro  shift, and go to state 21
    '('      shift, and go to state 26

    exp          go to state 47
    exp_simples  go to state 36
    exp_add      go to state 37
    term         go to state 38
    fator        go to state 39
    call         go to state 40


State 27

   19 statement: cmpst_statement .

    $default  reduce using rule 19 (statement)


State 28

   11 cmpst_statement: del_bloco_abre lista_statement . del_bloco_fecha

    del_bloco_fecha  shift, and go to state 48


State 29

   12 lista_statement: statement .
   13                | statement . lista_statement

    id              shift, and go to state 20
    inteiro         shift, and go to state 21
    PRINT           shift, and go to state 22
    READ            shift, and go to state 23
    op_rpt          shift, and go to state 24
    op_if           shift, and go to state 25
    del_bloco_abre  shift, and go to state 18
    '('             shift, and go to state 26

    $default  reduce using rule 12 (lista_statement)

    cmpst_statement  go to state 27
    lista_statement  go to state 49
    statement        go to state 29
    print_statement  go to state 30
    read_statement   go to state 31
    sel_statement    go to state 32
    rpt_statement    go to state 33
    exp_statement    go to state 34
    exp              go to state 35
    exp_simples      go to state 36
    exp_add          go to state 37
    term             go to state 38
    fator            go to state 39
    call             go to state 40


State 30

   17 statement: print_statement .

    $default  reduce using rule 17 (statement)


State 31

   18 statement: read_statement .

    $default  reduce using rule 18 (statement)


State 32

   15 statement: sel_statement .

    $default  reduce using rule 15 (statement)


State 33

   16 statement: rpt_statement .

    $default  reduce using rule 16 (statement)


State 34

   14 statement: exp_statement .

    $default  reduce using rule 14 (statement)


State 35

   25 exp_statement: exp . ';'

    ';'  shift, and go to state 50


State 36

   27 exp: exp_simples .

    $default  reduce using rule 27 (exp)


State 37

   28 exp_simples: exp_add . op_relacional exp_add
   29            | exp_add .
   30 exp_add: exp_add . op_add term

    op_add         shift, and go to state 51
    op_relacional  shift, and go to state 52

    $default  reduce using rule 29 (exp_simples)


State 38

   31 exp_add: term .
   32 term: term . op_mult fator

    op_mult  shift, and go to state 53

    $default  reduce using rule 31 (exp_add)


State 39

   33 term: fator .

    $default  reduce using rule 33 (term)


State 40

   35 fator: call .

    $default  reduce using rule 35 (fator)


State 41

   26 exp: id op_atrib . exp

    id       shift, and go to state 20
    inteiro  shift, and go to state 21
    '('      shift, and go to state 26

    exp          go to state 54
    exp_simples  go to state 36
    exp_add      go to state 37
    term         go to state 38
    fator        go to state 39
    call         go to state 40


State 42

   38 call: id '(' . ')'

    ')'  shift, and go to state 55


State 43

   20 print_statement: PRINT '(' . exp_simples ')' ';'

    id       shift, and go to state 56
    inteiro  shift, and go to state 21
    '('      shift, and go to state 26

    exp_simples  go to state 57
    exp_add      go to state 37
    term         go to state 38
    fator        go to state 39
    call         go to state 40


State 44

   21 read_statement: READ '(' . id ')' ';'

    id  shift, and go to state 58


State 45

   24 rpt_statement: op_rpt '(' . exp ')' statement

    id       shift, and go to state 20
    inteiro  shift, and go to state 21
    '('      shift, and go to state 26

    exp          go to state 59
    exp_simples  go to state 36
    exp_add      go to state 37
    term         go to state 38
    fator        go to state 39
    call         go to state 40


State 46

   22 sel_statement: op_if '(' . exp ')' statement
   23              | op_if '(' . exp ')' statement op_else statement

    id       shift, and go to state 20
    inteiro  shift, and go to state 21
    '('      shift, and go to state 26

    exp          go to state 60
    exp_simples  go to state 36
    exp_add      go to state 37
    term         go to state 38
    fator        go to state 39
    call         go to state 40


State 47

   34 fator: '(' exp . ')'

    ')'  shift, and go to state 61


State 48

   11 cmpst_statement: del_bloco_abre lista_statement del_bloco_fecha .

    $default  reduce using rule 11 (cmpst_statement)


State 49

   13 lista_statement: statement lista_statement .

    $default  reduce using rule 13 (lista_statement)


State 50

   25 exp_statement: exp ';' .

    $default  reduce using rule 25 (exp_statement)


State 51

   30 exp_add: exp_add op_add . term

    id       shift, and go to state 56
    inteiro  shift, and go to state 21
    '('      shift, and go to state 26

    term   go to state 62
    fator  go to state 39
    call   go to state 40


State 52

   28 exp_simples: exp_add op_relacional . exp_add

    id       shift, and go to state 56
    inteiro  shift, and go to state 21
    '('      shift, and go to state 26

    exp_add  go to state 63
    term     go to state 38
    fator    go to state 39
    call     go to state 40


State 53

   32 term: term op_mult . fator

    id       shift, and go to state 56
    inteiro  shift, and go to state 21
    '('      shift, and go to state 26

    fator  go to state 64
    call   go to state 40


State 54

   26 exp: id op_atrib exp .

    $default  reduce using rule 26 (exp)


State 55

   38 call: id '(' ')' .

    $default  reduce using rule 38 (call)


State 56

   36 fator: id .
   38 call: id . '(' ')'

    '('  shift, and go to state 42

    $default  reduce using rule 36 (fator)


State 57

   20 print_statement: PRINT '(' exp_simples . ')' ';'

    ')'  shift, and go to state 65


State 58

   21 read_statement: READ '(' id . ')' ';'

    ')'  shift, and go to state 66


State 59

   24 rpt_statement: op_rpt '(' exp . ')' statement

    ')'  shift, and go to state 67


State 60

   22 sel_statement: op_if '(' exp . ')' statement
   23              | op_if '(' exp . ')' statement op_else statement

    ')'  shift, and go to state 68


State 61

   34 fator: '(' exp ')' .

    $default  reduce using rule 34 (fator)


State 62

   30 exp_add: exp_add op_add term .
   32 term: term . op_mult fator

    op_mult  shift, and go to state 53

    $default  reduce using rule 30 (exp_add)


State 63

   28 exp_simples: exp_add op_relacional exp_add .
   30 exp_add: exp_add . op_add term

    op_add  shift, and go to state 51

    $default  reduce using rule 28 (exp_simples)


State 64

   32 term: term op_mult fator .

    $default  reduce using rule 32 (term)


State 65

   20 print_statement: PRINT '(' exp_simples ')' . ';'

    ';'  shift, and go to state 69


State 66

   21 read_statement: READ '(' id ')' . ';'

    ';'  shift, and go to state 70


State 67

   24 rpt_statement: op_rpt '(' exp ')' . statement

    id              shift, and go to state 20
    inteiro         shift, and go to state 21
    PRINT           shift, and go to state 22
    READ            shift, and go to state 23
    op_rpt          shift, and go to state 24
    op_if           shift, and go to state 25
    del_bloco_abre  shift, and go to state 18
    '('             shift, and go to state 26

    cmpst_statement  go to state 27
    statement        go to state 71
    print_statement  go to state 30
    read_statement   go to state 31
    sel_statement    go to state 32
    rpt_statement    go to state 33
    exp_statement    go to state 34
    exp              go to state 35
    exp_simples      go to state 36
    exp_add          go to state 37
    term             go to state 38
    fator            go to state 39
    call             go to state 40


State 68

   22 sel_statement: op_if '(' exp ')' . statement
   23              | op_if '(' exp ')' . statement op_else statement

    id              shift, and go to state 20
    inteiro         shift, and go to state 21
    PRINT           shift, and go to state 22
    READ            shift, and go to state 23
    op_rpt          shift, and go to state 24
    op_if           shift, and go to state 25
    del_bloco_abre  shift, and go to state 18
    '('             shift, and go to state 26

    cmpst_statement  go to state 27
    statement        go to state 72
    print_statement  go to state 30
    read_statement   go to state 31
    sel_statement    go to state 32
    rpt_statement    go to state 33
    exp_statement    go to state 34
    exp              go to state 35
    exp_simples      go to state 36
    exp_add          go to state 37
    term             go to state 38
    fator            go to state 39
    call             go to state 40


State 69

   20 print_statement: PRINT '(' exp_simples ')' ';' .

    $default  reduce using rule 20 (print_statement)


State 70

   21 read_statement: READ '(' id ')' ';' .

    $default  reduce using rule 21 (read_statement)


State 71

   24 rpt_statement: op_rpt '(' exp ')' statement .

    $default  reduce using rule 24 (rpt_statement)


State 72

   22 sel_statement: op_if '(' exp ')' statement .
   23              | op_if '(' exp ')' statement . op_else statement

    op_else  shift, and go to state 73

    $default  reduce using rule 22 (sel_statement)


State 73

   23 sel_statement: op_if '(' exp ')' statement op_else . statement

    id              shift, and go to state 20
    inteiro         shift, and go to state 21
    PRINT           shift, and go to state 22
    READ            shift, and go to state 23
    op_rpt          shift, and go to state 24
    op_if           shift, and go to state 25
    del_bloco_abre  shift, and go to state 18
    '('             shift, and go to state 26

    cmpst_statement  go to state 27
    statement        go to state 74
    print_statement  go to state 30
    read_statement   go to state 31
    sel_statement    go to state 32
    rpt_statement    go to state 33
    exp_statement    go to state 34
    exp              go to state 35
    exp_simples      go to state 36
    exp_add          go to state 37
    term             go to state 38
    fator            go to state 39
    call             go to state 40


State 74

   23 sel_statement: op_if '(' exp ')' statement op_else statement .

    $default  reduce using rule 23 (sel_statement)
